<?xml version="1.0" encoding="UTF-8"?>
<!-- Generated by org.testng.reporters.JUnitXMLReporter -->
<testsuite ignored="0" hostname="DESKTOP-143M0GD" failures="1" tests="1" name="Validation" time="14.409" errors="0" timestamp="01 Aug 2019 17:14:25 GMT">
  <testcase classname="academy.ValidationTest" name="pageNavigation" time="0.072">
    <failure type="java.lang.AssertionError" message="expected [FEATUREgD COURSES] but found [FEATURED COURSES]">
      <![CDATA[java.lang.AssertionError: expected [FEATUREgD COURSES] but found [FEATURED COURSES]
at academy.ValidationTest.pageNavigation(ValidationTest.java:38)
... Removed 31 stack frames]]>
    </failure>
  </testcase> <!-- pageNavigation -->
</testsuite> <!-- Validation -->
